{"D:\\code\\num_operation\\index.js":{"path":"D:\\code\\num_operation\\index.js","s":{"1":1,"2":1,"3":1,"4":0,"5":0,"6":0,"7":1,"8":1,"9":6,"10":6,"11":6,"12":1,"13":1,"14":4,"15":4,"16":0,"17":0,"18":1,"19":1,"20":2,"21":2,"22":0,"23":1,"24":0,"25":0,"26":0,"27":0,"28":0,"29":1,"30":2,"31":2,"32":4,"33":2,"34":0,"35":2,"36":2,"37":2,"38":2,"39":2,"40":2,"41":2,"42":1,"43":1,"44":1,"45":1,"46":2,"47":1,"48":0,"49":1,"50":1,"51":1,"52":1,"53":1,"54":0,"55":0,"56":0,"57":0,"58":0,"59":0,"60":0,"61":0,"62":1,"63":1,"64":0,"65":0,"66":0,"67":0,"68":0,"69":0,"70":0,"71":0,"72":0,"73":0,"74":0,"75":1,"76":1,"77":0,"78":0,"79":0,"80":0,"81":0,"82":1,"83":1,"84":1,"85":0,"86":0,"87":0,"88":1,"89":1},"b":{"1":[0,0],"2":[6,2],"3":[6,6],"4":[4,2],"5":[4,0],"6":[0,0],"7":[2,0],"8":[0,2],"9":[2,2],"10":[0,2],"11":[0,1],"12":[0,0],"13":[0,0],"14":[0,0],"15":[0,0],"16":[0,0]},"f":{"1":0,"2":6,"3":4,"4":2,"5":0,"6":0,"7":2,"8":1,"9":0,"10":0,"11":0,"12":0},"fnMap":{"1":{"name":"strip","line":12,"loc":{"start":{"line":12,"column":0},"end":{"line":12,"column":31}}},"2":{"name":"digitLength","line":21,"loc":{"start":{"line":21,"column":0},"end":{"line":21,"column":26}}},"3":{"name":"float2Fixed","line":32,"loc":{"start":{"line":32,"column":0},"end":{"line":32,"column":26}}},"4":{"name":"checkBoundary","line":44,"loc":{"start":{"line":44,"column":0},"end":{"line":44,"column":28}}},"5":{"name":"iteratorOperation","line":55,"loc":{"start":{"line":55,"column":0},"end":{"line":55,"column":43}}},"6":{"name":"(anonymous_6)","line":58,"loc":{"start":{"line":58,"column":19},"end":{"line":58,"column":34}}},"7":{"name":"times","line":66,"loc":{"start":{"line":66,"column":0},"end":{"line":66,"column":17}}},"8":{"name":"plus","line":86,"loc":{"start":{"line":86,"column":0},"end":{"line":86,"column":16}}},"9":{"name":"minus","line":104,"loc":{"start":{"line":104,"column":0},"end":{"line":104,"column":17}}},"10":{"name":"divide","line":120,"loc":{"start":{"line":120,"column":0},"end":{"line":120,"column":18}}},"11":{"name":"round","line":140,"loc":{"start":{"line":140,"column":0},"end":{"line":140,"column":27}}},"12":{"name":"enableBoundaryChecking","line":154,"loc":{"start":{"line":154,"column":0},"end":{"line":154,"column":38}}}},"statementMap":{"1":{"start":{"line":2,"column":0},"end":{"line":2,"column":62}},"2":{"start":{"line":3,"column":0},"end":{"line":3,"column":180}},"3":{"start":{"line":12,"column":0},"end":{"line":15,"column":1}},"4":{"start":{"line":13,"column":4},"end":{"line":13,"column":49}},"5":{"start":{"line":13,"column":32},"end":{"line":13,"column":47}},"6":{"start":{"line":14,"column":4},"end":{"line":14,"column":59}},"7":{"start":{"line":16,"column":0},"end":{"line":16,"column":22}},"8":{"start":{"line":21,"column":0},"end":{"line":26,"column":1}},"9":{"start":{"line":23,"column":4},"end":{"line":23,"column":46}},"10":{"start":{"line":24,"column":4},"end":{"line":24,"column":73}},"11":{"start":{"line":25,"column":4},"end":{"line":25,"column":29}},"12":{"start":{"line":27,"column":0},"end":{"line":27,"column":34}},"13":{"start":{"line":32,"column":0},"end":{"line":38,"column":1}},"14":{"start":{"line":33,"column":4},"end":{"line":35,"column":5}},"15":{"start":{"line":34,"column":8},"end":{"line":34,"column":55}},"16":{"start":{"line":36,"column":4},"end":{"line":36,"column":32}},"17":{"start":{"line":37,"column":4},"end":{"line":37,"column":76}},"18":{"start":{"line":39,"column":0},"end":{"line":39,"column":34}},"19":{"start":{"line":44,"column":0},"end":{"line":51,"column":1}},"20":{"start":{"line":45,"column":4},"end":{"line":50,"column":5}},"21":{"start":{"line":47,"column":8},"end":{"line":49,"column":9}},"22":{"start":{"line":48,"column":12},"end":{"line":48,"column":112}},"23":{"start":{"line":55,"column":0},"end":{"line":62,"column":1}},"24":{"start":{"line":56,"column":4},"end":{"line":56,"column":60}},"25":{"start":{"line":57,"column":4},"end":{"line":57,"column":36}},"26":{"start":{"line":58,"column":4},"end":{"line":60,"column":7}},"27":{"start":{"line":59,"column":8},"end":{"line":59,"column":34}},"28":{"start":{"line":61,"column":4},"end":{"line":61,"column":15}},"29":{"start":{"line":66,"column":0},"end":{"line":81,"column":1}},"30":{"start":{"line":67,"column":4},"end":{"line":67,"column":18}},"31":{"start":{"line":68,"column":4},"end":{"line":70,"column":5}},"32":{"start":{"line":69,"column":8},"end":{"line":69,"column":33}},"33":{"start":{"line":71,"column":4},"end":{"line":73,"column":5}},"34":{"start":{"line":72,"column":8},"end":{"line":72,"column":46}},"35":{"start":{"line":74,"column":4},"end":{"line":74,"column":39}},"36":{"start":{"line":75,"column":4},"end":{"line":75,"column":40}},"37":{"start":{"line":76,"column":4},"end":{"line":76,"column":40}},"38":{"start":{"line":77,"column":4},"end":{"line":77,"column":56}},"39":{"start":{"line":78,"column":4},"end":{"line":78,"column":46}},"40":{"start":{"line":79,"column":4},"end":{"line":79,"column":29}},"41":{"start":{"line":80,"column":4},"end":{"line":80,"column":45}},"42":{"start":{"line":82,"column":0},"end":{"line":82,"column":22}},"43":{"start":{"line":86,"column":0},"end":{"line":99,"column":1}},"44":{"start":{"line":87,"column":4},"end":{"line":87,"column":18}},"45":{"start":{"line":88,"column":4},"end":{"line":90,"column":5}},"46":{"start":{"line":89,"column":8},"end":{"line":89,"column":33}},"47":{"start":{"line":91,"column":4},"end":{"line":93,"column":5}},"48":{"start":{"line":92,"column":8},"end":{"line":92,"column":45}},"49":{"start":{"line":94,"column":4},"end":{"line":94,"column":39}},"50":{"start":{"line":96,"column":4},"end":{"line":96,"column":79}},"51":{"start":{"line":98,"column":4},"end":{"line":98,"column":67}},"52":{"start":{"line":100,"column":0},"end":{"line":100,"column":20}},"53":{"start":{"line":104,"column":0},"end":{"line":115,"column":1}},"54":{"start":{"line":105,"column":4},"end":{"line":105,"column":18}},"55":{"start":{"line":106,"column":4},"end":{"line":108,"column":5}},"56":{"start":{"line":107,"column":8},"end":{"line":107,"column":33}},"57":{"start":{"line":109,"column":4},"end":{"line":111,"column":5}},"58":{"start":{"line":110,"column":8},"end":{"line":110,"column":46}},"59":{"start":{"line":112,"column":4},"end":{"line":112,"column":39}},"60":{"start":{"line":113,"column":4},"end":{"line":113,"column":79}},"61":{"start":{"line":114,"column":4},"end":{"line":114,"column":67}},"62":{"start":{"line":116,"column":0},"end":{"line":116,"column":22}},"63":{"start":{"line":120,"column":0},"end":{"line":135,"column":1}},"64":{"start":{"line":121,"column":4},"end":{"line":121,"column":18}},"65":{"start":{"line":122,"column":4},"end":{"line":124,"column":5}},"66":{"start":{"line":123,"column":8},"end":{"line":123,"column":33}},"67":{"start":{"line":125,"column":4},"end":{"line":127,"column":5}},"68":{"start":{"line":126,"column":8},"end":{"line":126,"column":47}},"69":{"start":{"line":128,"column":4},"end":{"line":128,"column":39}},"70":{"start":{"line":129,"column":4},"end":{"line":129,"column":40}},"71":{"start":{"line":130,"column":4},"end":{"line":130,"column":40}},"72":{"start":{"line":131,"column":4},"end":{"line":131,"column":31}},"73":{"start":{"line":132,"column":4},"end":{"line":132,"column":31}},"74":{"start":{"line":134,"column":4},"end":{"line":134,"column":104}},"75":{"start":{"line":136,"column":0},"end":{"line":136,"column":24}},"76":{"start":{"line":140,"column":0},"end":{"line":147,"column":1}},"77":{"start":{"line":141,"column":4},"end":{"line":141,"column":35}},"78":{"start":{"line":142,"column":4},"end":{"line":142,"column":70}},"79":{"start":{"line":143,"column":4},"end":{"line":145,"column":5}},"80":{"start":{"line":144,"column":8},"end":{"line":144,"column":35}},"81":{"start":{"line":146,"column":4},"end":{"line":146,"column":18}},"82":{"start":{"line":148,"column":0},"end":{"line":148,"column":22}},"83":{"start":{"line":149,"column":0},"end":{"line":149,"column":34}},"84":{"start":{"line":154,"column":0},"end":{"line":157,"column":1}},"85":{"start":{"line":155,"column":4},"end":{"line":155,"column":41}},"86":{"start":{"line":155,"column":27},"end":{"line":155,"column":39}},"87":{"start":{"line":156,"column":4},"end":{"line":156,"column":34}},"88":{"start":{"line":158,"column":0},"end":{"line":158,"column":56}},"89":{"start":{"line":159,"column":0},"end":{"line":169,"column":2}}},"branchMap":{"1":{"line":13,"type":"if","locations":[{"start":{"line":13,"column":4},"end":{"line":13,"column":4}},{"start":{"line":13,"column":4},"end":{"line":13,"column":4}}]},"2":{"line":24,"type":"binary-expr","locations":[{"start":{"line":24,"column":15},"end":{"line":24,"column":38}},{"start":{"line":24,"column":42},"end":{"line":24,"column":44}}]},"3":{"line":24,"type":"binary-expr","locations":[{"start":{"line":24,"column":57},"end":{"line":24,"column":66}},{"start":{"line":24,"column":70},"end":{"line":24,"column":71}}]},"4":{"line":25,"type":"cond-expr","locations":[{"start":{"line":25,"column":21},"end":{"line":25,"column":24}},{"start":{"line":25,"column":27},"end":{"line":25,"column":28}}]},"5":{"line":33,"type":"if","locations":[{"start":{"line":33,"column":4},"end":{"line":33,"column":4}},{"start":{"line":33,"column":4},"end":{"line":33,"column":4}}]},"6":{"line":37,"type":"cond-expr","locations":[{"start":{"line":37,"column":22},"end":{"line":37,"column":61}},{"start":{"line":37,"column":64},"end":{"line":37,"column":75}}]},"7":{"line":45,"type":"if","locations":[{"start":{"line":45,"column":4},"end":{"line":45,"column":4}},{"start":{"line":45,"column":4},"end":{"line":45,"column":4}}]},"8":{"line":47,"type":"if","locations":[{"start":{"line":47,"column":8},"end":{"line":47,"column":8}},{"start":{"line":47,"column":8},"end":{"line":47,"column":8}}]},"9":{"line":47,"type":"binary-expr","locations":[{"start":{"line":47,"column":12},"end":{"line":47,"column":41}},{"start":{"line":47,"column":45},"end":{"line":47,"column":74}}]},"10":{"line":71,"type":"if","locations":[{"start":{"line":71,"column":4},"end":{"line":71,"column":4}},{"start":{"line":71,"column":4},"end":{"line":71,"column":4}}]},"11":{"line":91,"type":"if","locations":[{"start":{"line":91,"column":4},"end":{"line":91,"column":4}},{"start":{"line":91,"column":4},"end":{"line":91,"column":4}}]},"12":{"line":109,"type":"if","locations":[{"start":{"line":109,"column":4},"end":{"line":109,"column":4}},{"start":{"line":109,"column":4},"end":{"line":109,"column":4}}]},"13":{"line":125,"type":"if","locations":[{"start":{"line":125,"column":4},"end":{"line":125,"column":4}},{"start":{"line":125,"column":4},"end":{"line":125,"column":4}}]},"14":{"line":143,"type":"if","locations":[{"start":{"line":143,"column":4},"end":{"line":143,"column":4}},{"start":{"line":143,"column":4},"end":{"line":143,"column":4}}]},"15":{"line":143,"type":"binary-expr","locations":[{"start":{"line":143,"column":8},"end":{"line":143,"column":15}},{"start":{"line":143,"column":19},"end":{"line":143,"column":31}}]},"16":{"line":155,"type":"if","locations":[{"start":{"line":155,"column":4},"end":{"line":155,"column":4}},{"start":{"line":155,"column":4},"end":{"line":155,"column":4}}]}}}}