TN:
SF:D:\code\num_operation\index.js
FN:12,strip
FN:21,digitLength
FN:32,float2Fixed
FN:44,checkBoundary
FN:55,iteratorOperation
FN:58,(anonymous_6)
FN:66,times
FN:86,plus
FN:104,minus
FN:120,divide
FN:140,round
FN:154,enableBoundaryChecking
FNF:12
FNH:5
FNDA:0,strip
FNDA:6,digitLength
FNDA:4,float2Fixed
FNDA:2,checkBoundary
FNDA:0,iteratorOperation
FNDA:0,(anonymous_6)
FNDA:2,times
FNDA:1,plus
FNDA:0,minus
FNDA:0,divide
FNDA:0,round
FNDA:0,enableBoundaryChecking
DA:2,1
DA:3,1
DA:12,1
DA:13,0
DA:14,0
DA:16,1
DA:21,1
DA:23,6
DA:24,6
DA:25,6
DA:27,1
DA:32,1
DA:33,4
DA:34,4
DA:36,0
DA:37,0
DA:39,1
DA:44,1
DA:45,2
DA:47,2
DA:48,0
DA:55,1
DA:56,0
DA:57,0
DA:58,0
DA:59,0
DA:61,0
DA:66,1
DA:67,2
DA:68,2
DA:69,4
DA:71,2
DA:72,0
DA:74,2
DA:75,2
DA:76,2
DA:77,2
DA:78,2
DA:79,2
DA:80,2
DA:82,1
DA:86,1
DA:87,1
DA:88,1
DA:89,2
DA:91,1
DA:92,0
DA:94,1
DA:96,1
DA:98,1
DA:100,1
DA:104,1
DA:105,0
DA:106,0
DA:107,0
DA:109,0
DA:110,0
DA:112,0
DA:113,0
DA:114,0
DA:116,1
DA:120,1
DA:121,0
DA:122,0
DA:123,0
DA:125,0
DA:126,0
DA:128,0
DA:129,0
DA:130,0
DA:131,0
DA:132,0
DA:134,0
DA:136,1
DA:140,1
DA:141,0
DA:142,0
DA:143,0
DA:144,0
DA:146,0
DA:148,1
DA:149,1
DA:154,1
DA:155,0
DA:156,0
DA:158,1
DA:159,1
LF:87
LH:49
BRDA:13,1,0,0
BRDA:13,1,1,0
BRDA:24,2,0,6
BRDA:24,2,1,2
BRDA:24,3,0,6
BRDA:24,3,1,6
BRDA:25,4,0,4
BRDA:25,4,1,2
BRDA:33,5,0,4
BRDA:33,5,1,0
BRDA:37,6,0,0
BRDA:37,6,1,0
BRDA:45,7,0,2
BRDA:45,7,1,0
BRDA:47,8,0,0
BRDA:47,8,1,2
BRDA:47,9,0,2
BRDA:47,9,1,2
BRDA:71,10,0,0
BRDA:71,10,1,2
BRDA:91,11,0,0
BRDA:91,11,1,1
BRDA:109,12,0,0
BRDA:109,12,1,0
BRDA:125,13,0,0
BRDA:125,13,1,0
BRDA:143,14,0,0
BRDA:143,14,1,0
BRDA:143,15,0,0
BRDA:143,15,1,0
BRDA:155,16,0,0
BRDA:155,16,1,0
BRF:32
BRH:13
end_of_record
